2014-03-30 10:46:32.668+0000: WARNING! Deprecated configuration options used. See manual for details
2014-03-30 10:46:32.683+0000: cannot configure writers and searchers individually since they go together
2014-03-30 10:46:32.863+0000: Creating new db @ C:\Users\ilja\IdeaProjects\WordService\data\graph.db\neostore
2014-03-30 10:46:33.374+0000: [C:\Users\ilja\IdeaProjects\WordService\data\graph.db\neostore.nodestore.db] brickCount=0 brickSize=314568b mappedMem=31457280b (storeSize=0b)
2014-03-30 10:46:33.444+0000: C:\Users\ilja\IdeaProjects\WordService\data\graph.db\neostore.nodestore.db hit=1 miss=0 switches=0 ooe=0
2014-03-30 10:46:35.442+0000: [C:\Users\ilja\IdeaProjects\WordService\data\graph.db\neostore.relationshiptypestore.db.names] brickCount=0 brickSize=0b mappedMem=0b (storeSize=38b)
2014-03-30 10:46:35.457+0000: [C:\Users\ilja\IdeaProjects\WordService\data\graph.db\neostore.relationshiptypestore.db] brickCount=0 brickSize=0b mappedMem=0b (storeSize=0b)
2014-03-30 10:46:35.521+0000: C:\Users\ilja\IdeaProjects\WordService\data\graph.db\neostore.relationshiptypestore.db.names hit=0 miss=0 switches=0 ooe=0
2014-03-30 10:46:35.791+0000: C:\Users\ilja\IdeaProjects\WordService\data\graph.db\neostore.relationshiptypestore.db hit=0 miss=0 switches=0 ooe=0
2014-03-30 10:46:35.969+0000: [C:\Users\ilja\IdeaProjects\WordService\data\graph.db\neostore.relationshiptypestore.db.names] brickCount=0 brickSize=0b mappedMem=0b (storeSize=38b)
2014-03-30 10:46:35.973+0000: [C:\Users\ilja\IdeaProjects\WordService\data\graph.db\neostore.relationshiptypestore.db] brickCount=0 brickSize=0b mappedMem=0b (storeSize=0b)
2014-03-30 10:46:35.977+0000: [C:\Users\ilja\IdeaProjects\WordService\data\graph.db\neostore.propertystore.db.strings] brickCount=0 brickSize=97408b mappedMem=97517568b (storeSize=128b)
2014-03-30 10:46:35.980+0000: [C:\Users\ilja\IdeaProjects\WordService\data\graph.db\neostore.propertystore.db.index.keys] brickCount=0 brickSize=1026b mappedMem=1048576b (storeSize=38b)
2014-03-30 10:46:35.987+0000: [C:\Users\ilja\IdeaProjects\WordService\data\graph.db\neostore.propertystore.db.index] brickCount=0 brickSize=10485b mappedMem=1048576b (storeSize=0b)
2014-03-30 10:46:35.993+0000: [C:\Users\ilja\IdeaProjects\WordService\data\graph.db\neostore.propertystore.db.arrays] brickCount=0 brickSize=111104b mappedMem=111149056b (storeSize=128b)
2014-03-30 10:46:36.004+0000: [C:\Users\ilja\IdeaProjects\WordService\data\graph.db\neostore.propertystore.db] brickCount=0 brickSize=1142916b mappedMem=114294784b (storeSize=0b)
2014-03-30 10:46:36.013+0000: [C:\Users\ilja\IdeaProjects\WordService\data\graph.db\neostore.relationshipstore.db] brickCount=0 brickSize=1405074b mappedMem=140509184b (storeSize=0b)
2014-03-30 10:46:36.015+0000: [C:\Users\ilja\IdeaProjects\WordService\data\graph.db\neostore.nodestore.db] brickCount=0 brickSize=31455b mappedMem=31457280b (storeSize=9b)
2014-03-30 10:46:36.022+0000: [C:\Users\ilja\IdeaProjects\WordService\data\graph.db\neostore] brickCount=0 brickSize=0b mappedMem=0b (storeSize=0b)
2014-03-30 10:46:36.099+0000: C:\Users\ilja\IdeaProjects\WordService\data\graph.db\neostore.relationshiptypestore.db.names hit=0 miss=0 switches=0 ooe=0
2014-03-30 10:46:36.334+0000: C:\Users\ilja\IdeaProjects\WordService\data\graph.db\neostore.relationshiptypestore.db hit=0 miss=0 switches=0 ooe=0
2014-03-30 10:46:36.524+0000: C:\Users\ilja\IdeaProjects\WordService\data\graph.db\neostore.propertystore.db.strings hit=0 miss=0 switches=0 ooe=0
2014-03-30 10:46:36.713+0000: C:\Users\ilja\IdeaProjects\WordService\data\graph.db\neostore.propertystore.db.index.keys hit=0 miss=0 switches=0 ooe=0
2014-03-30 10:46:36.946+0000: C:\Users\ilja\IdeaProjects\WordService\data\graph.db\neostore.propertystore.db.index hit=0 miss=0 switches=0 ooe=0
2014-03-30 10:46:37.123+0000: C:\Users\ilja\IdeaProjects\WordService\data\graph.db\neostore.propertystore.db.arrays hit=0 miss=0 switches=0 ooe=0
2014-03-30 10:46:37.335+0000: C:\Users\ilja\IdeaProjects\WordService\data\graph.db\neostore.propertystore.db hit=0 miss=0 switches=0 ooe=0
2014-03-30 10:46:37.590+0000: C:\Users\ilja\IdeaProjects\WordService\data\graph.db\neostore.relationshipstore.db hit=0 miss=0 switches=0 ooe=0
2014-03-30 10:46:37.824+0000: C:\Users\ilja\IdeaProjects\WordService\data\graph.db\neostore.nodestore.db hit=0 miss=0 switches=0 ooe=0
2014-03-30 10:46:38.068+0000: C:\Users\ilja\IdeaProjects\WordService\data\graph.db\neostore hit=0 miss=8 switches=0 ooe=0
2014-03-30 10:46:38.346+0000: [C:\Users\ilja\IdeaProjects\WordService\data\graph.db\neostore.relationshiptypestore.db.names] brickCount=0 brickSize=0b mappedMem=0b (storeSize=38b)
2014-03-30 10:46:38.349+0000: [C:\Users\ilja\IdeaProjects\WordService\data\graph.db\neostore.relationshiptypestore.db] brickCount=0 brickSize=0b mappedMem=0b (storeSize=0b)
2014-03-30 10:46:38.353+0000: [C:\Users\ilja\IdeaProjects\WordService\data\graph.db\neostore.propertystore.db.strings] brickCount=0 brickSize=97408b mappedMem=97517568b (storeSize=128b)
2014-03-30 10:46:38.356+0000: [C:\Users\ilja\IdeaProjects\WordService\data\graph.db\neostore.propertystore.db.index.keys] brickCount=0 brickSize=1026b mappedMem=1048576b (storeSize=38b)
2014-03-30 10:46:38.359+0000: [C:\Users\ilja\IdeaProjects\WordService\data\graph.db\neostore.propertystore.db.index] brickCount=0 brickSize=10485b mappedMem=1048576b (storeSize=0b)
2014-03-30 10:46:38.362+0000: [C:\Users\ilja\IdeaProjects\WordService\data\graph.db\neostore.propertystore.db.arrays] brickCount=0 brickSize=111104b mappedMem=111149056b (storeSize=128b)
2014-03-30 10:46:38.365+0000: [C:\Users\ilja\IdeaProjects\WordService\data\graph.db\neostore.propertystore.db] brickCount=0 brickSize=1142916b mappedMem=114294784b (storeSize=0b)
2014-03-30 10:46:38.368+0000: [C:\Users\ilja\IdeaProjects\WordService\data\graph.db\neostore.relationshipstore.db] brickCount=0 brickSize=1405074b mappedMem=140509184b (storeSize=0b)
2014-03-30 10:46:38.371+0000: [C:\Users\ilja\IdeaProjects\WordService\data\graph.db\neostore.nodestore.db] brickCount=0 brickSize=31455b mappedMem=31457280b (storeSize=9b)
2014-03-30 10:46:38.379+0000: [C:\Users\ilja\IdeaProjects\WordService\data\graph.db\neostore] brickCount=0 brickSize=0b mappedMem=0b (storeSize=54b)
2014-03-30 10:46:38.411+0000: Opened logical log [C:\Users\ilja\IdeaProjects\WordService\data\graph.db\nioneo_logical.log.1] version=0, lastTxId=1 (clean)
2014-03-30 10:46:38.638+0000: TM new log: tm_tx_log.1
2014-03-30 10:46:38.764+0000: Opened logical log [C:\Users\ilja\IdeaProjects\WordService\data\graph.db\index\lucene.log.1] version=0, lastTxId=1 (clean)
2014-03-30 10:46:38.867+0000: --- STARTUP diagnostics START ---
2014-03-30 10:46:38.876+0000: Neo4j Kernel properties:
    store_dir=data/graph.db
    remote_logging_host=127.0.0.1
    read_only=false
    forced_kernel_id=
    neo4j.ext.udc.host=udc.neo4j.org
    online_backup_enabled=false
    logical_log=nioneo_logical.log
    remote_logging_port=4560
    gc_monitor_threshold=200ms
    load_kernel_extensions=true
    array_block_size=120
    intercept_committing_transactions=false
    node_auto_indexing=false
    neostore.relationshipstore.db.mapped_memory=134M
    keep_logical_logs=true
    dump_configuration=false
    gc_monitor_wait_time=100ms
    cache_type=soft
    intercept_deserialized_transactions=false
    neostore.nodestore.db.mapped_memory=30M
    neo4j.ext.udc.first_delay=600000
    neo4j.ext.udc.reg=unreg
    lucene_searcher_cache_size=2147483647
    neo4j.ext.udc.interval=86400000
    use_memory_mapped_buffers=false
    rebuild_idgenerators_fast=true
    neostore.propertystore.db.index.keys.mapped_memory=1M
    neostore.propertystore.db.strings.mapped_memory=93M
    neostore.propertystore.db.arrays.mapped_memory=106M
    neo_store=neostore
    logging.threshold_for_rotation=104857600
    neostore.propertystore.db.index.mapped_memory=1M
    backup_slave=false
    neostore.propertystore.db.mapped_memory=109M
    gcr_cache_min_log_interval=60s
    relationship_auto_indexing=false
    relationship_grab_size=100
    string_block_size=120
    grab_file_lock=true
    node_cache_array_fraction=1.0
    remote_logging_enabled=false
    allow_store_upgrade=false
    execution_guard_enabled=false
    neo4j.ext.udc.enabled=true
    relationship_cache_array_fraction=1.0
    online_backup_port=6362
2014-03-30 10:46:38.893+0000: Diagnostics providers:
    org.neo4j.kernel.configuration.Config
    org.neo4j.kernel.info.DiagnosticsManager
    SYSTEM_MEMORY
    JAVA_MEMORY
    OPERATING_SYSTEM
    JAVA_VIRTUAL_MACHINE
    CLASSPATH
    LIBRARY_PATH
    SYSTEM_PROPERTIES
    NETWORK
2014-03-30 10:46:38.896+0000: System memory information:
    Total Physical memory: 7.88 GB
    Free Physical memory: 4.71 GB
    Committed virtual memory: 268.10 MB
    Total swap space: 9.13 GB
    Free swap space: 5.12 GB
2014-03-30 10:46:38.902+0000: JVM memory information:
    Free  memory: 94.88 MB
    Total memory: 120.94 MB
    Max   memory: 1.75 GB
    Garbage Collector: PS Scavenge: [PS Eden Space, PS Survivor Space]
    Garbage Collector: PS MarkSweep: [PS Eden Space, PS Survivor Space, PS Old Gen, PS Perm Gen]
    Memory Pool: Code Cache (Non-heap memory): committed=2.44 MB, used=1.84 MB, max=48.00 MB, threshold=0.00 B
    Memory Pool: PS Eden Space (Heap memory): committed=31.56 MB, used=22.61 MB, max=662.81 MB, threshold=?
    Memory Pool: PS Survivor Space (Heap memory): committed=5.25 MB, used=3.36 MB, max=5.25 MB, threshold=?
    Memory Pool: PS Old Gen (Heap memory): committed=84.13 MB, used=88.02 kB, max=1.32 GB, threshold=0.00 B
    Memory Pool: PS Perm Gen (Non-heap memory): committed=20.75 MB, used=15.42 MB, max=82.00 MB, threshold=0.00 B
2014-03-30 10:46:38.911+0000: Operating system information:
    Operating System: Windows 8; version: 6.2; arch: amd64; cpus: 4
    Process id: 4756@ilja-pc
    Byte order: LITTLE_ENDIAN
    Local timezone: Europe/Helsinki
2014-03-30 10:46:38.932+0000: JVM information:
    VM Name: Java HotSpot(TM) 64-Bit Server VM
    VM Vendor: Oracle Corporation
    VM Version: 23.6-b04
    JIT compiler: HotSpot 64-Bit Tiered Compilers
    VM Arguments: [-ea, -Didea.launcher.port=7541, -Didea.launcher.bin.path=C:\Program Files (x86)\JetBrains\IntelliJ IDEA 13.1.1\bin, -Dfile.encoding=UTF-8]
2014-03-30 10:46:38.933+0000: Java classpath:
     [classpath + loader.0] file:/C:/Users/ilja/.m2/repository/org/apache/lucene/lucene-core/3.5.0/lucene-core-3.5.0.jar
     [loader.0] file:/C:/Program%20Files/Java/jdk1.7.0_10/jre/lib/jfr.jar
     [classpath] C:\Program Files\Java\jdk1.7.0_10\jre\lib\ext\sunec.jar
     [classpath + loader.0] file:/C:/Users/ilja/.m2/repository/org/aspectj/aspectjrt/1.6.12/aspectjrt-1.6.12.jar
     [classpath + loader.0] file:/C:/Users/ilja/.m2/repository/org/springframework/spring-beans/3.2.0.RELEASE/spring-beans-3.2.0.RELEASE.jar
     [loader.0] file:/C:/Program%20Files/Java/jdk1.7.0_10/jre/lib/management-agent.jar
     [classpath + loader.0] file:/C:/Users/ilja/.m2/repository/javax/validation/validation-api/1.0.0.GA/validation-api-1.0.0.GA.jar
     [classpath + loader.0] file:/C:/Users/ilja/.m2/repository/org/neo4j/neo4j-jmx/1.8/neo4j-jmx-1.8.jar
     [classpath] C:\Program Files\Java\jdk1.7.0_10\jre\lib\ext\sunmscapi.jar
     [classpath] C:\Program Files\Java\jdk1.7.0_10\jre\lib\ext\localedata.jar
     [loader.0] file:/C:/Program%20Files%20(x86)/JetBrains/IntelliJ%20IDEA%2013.1.1/plugins/junit/lib/junit-rt.jar
     [classpath] C:\Program Files\Java\jdk1.7.0_10\jre\lib\management-agent.jar
     [loader.0] file:/C:/Program%20Files/Java/jdk1.7.0_10/jre/lib/plugin.jar
     [classpath + loader.0] file:/C:/Users/ilja/.m2/repository/javax/servlet/servlet-api/2.5/servlet-api-2.5.jar
     [loader.0] file:/C:/Program%20Files/Java/jdk1.7.0_10/jre/lib/jfxrt.jar
     [classpath] C:\Program Files (x86)\JetBrains\IntelliJ IDEA 13.1.1\lib\idea_rt.jar
     [classpath] C:\Program Files\Java\jdk1.7.0_10\jre\lib\ext\dnsns.jar
     [classpath + loader.0] file:/C:/Users/ilja/IdeaProjects/WordService/target/classes/
     [classpath] C:\Program Files\Java\jdk1.7.0_10\jre\lib\ext\sunjce_provider.jar
     [loader.1] file:/C:/Program%20Files/Java/jdk1.7.0_10/jre/lib/ext/sunmscapi.jar
     [bootstrap] C:\Program Files\Java\jdk1.7.0_10\jre\lib\sunrsasign.jar
     [classpath + loader.0] file:/C:/Users/ilja/.m2/repository/cglib/cglib/2.2/cglib-2.2.jar
     [bootstrap + classpath] C:\Program Files\Java\jdk1.7.0_10\jre\lib\jce.jar
     [loader.0] file:/C:/Program%20Files/Java/jdk1.7.0_10/jre/lib/jce.jar
     [loader.0] file:/C:/Program%20Files%20(x86)/JetBrains/IntelliJ%20IDEA%2013.1.1/lib/idea_rt.jar
     [classpath] C:\Program Files\Java\jdk1.7.0_10\jre\lib\ext\jaccess.jar
     [classpath + loader.0] file:/C:/Users/ilja/.m2/repository/org/neo4j/neo4j-cypher-dsl/1.8.RC1/neo4j-cypher-dsl-1.8.RC1.jar
     [classpath + loader.0] file:/C:/Users/ilja/.m2/repository/org/neo4j/neo4j-graph-matching/1.8/neo4j-graph-matching-1.8.jar
     [classpath] C:\Program Files\Java\jdk1.7.0_10\jre\lib\plugin.jar
     [classpath + loader.0] file:/C:/Users/ilja/.m2/repository/org/neo4j/neo4j-lucene-index/1.8/neo4j-lucene-index-1.8.jar
     [classpath + loader.0] file:/C:/Users/ilja/.m2/repository/org/apache/geronimo/specs/geronimo-jta_1.1_spec/1.1.1/geronimo-jta_1.1_spec-1.1.1.jar
     [loader.1] file:/C:/Program%20Files/Java/jdk1.7.0_10/jre/lib/ext/access-bridge-64.jar
     [classpath] C:\Program Files\Java\jdk1.7.0_10\jre\lib\ext\zipfs.jar
     [loader.0] file:/C:/Program%20Files/Java/jdk1.7.0_10/jre/lib/rt.jar
     [classpath + loader.0] file:/C:/Users/ilja/.m2/repository/org/springframework/spring-jdbc/3.1.2.RELEASE/spring-jdbc-3.1.2.RELEASE.jar
     [loader.1] file:/C:/Program%20Files/Java/jdk1.7.0_10/jre/lib/ext/zipfs.jar
     [classpath + loader.0] file:/C:/Users/ilja/.m2/repository/commons-logging/commons-logging/1.1.1/commons-logging-1.1.1.jar
     [loader.1] file:/C:/Program%20Files/Java/jdk1.7.0_10/jre/lib/ext/localedata.jar
     [bootstrap + classpath] C:\Program Files\Java\jdk1.7.0_10\jre\lib\rt.jar
     [loader.1] file:/C:/Program%20Files/Java/jdk1.7.0_10/jre/lib/ext/jaccess.jar
     [classpath] C:\Program Files (x86)\JetBrains\IntelliJ IDEA 13.1.1\plugins\junit\lib\junit-rt.jar
     [classpath + loader.0] file:/C:/Users/ilja/.m2/repository/org/neo4j/neo4j-kernel/1.8/neo4j-kernel-1.8.jar
     [classpath + loader.0] file:/C:/Users/ilja/.m2/repository/org/springframework/spring-context/3.2.0.RELEASE/spring-context-3.2.0.RELEASE.jar
     [classpath + loader.0] file:/C:/Users/ilja/.m2/repository/org/springframework/data/spring-data-commons-core/1.4.0.RELEASE/spring-data-commons-core-1.4.0.RELEASE.jar
     [loader.1] file:/C:/Program%20Files/Java/jdk1.7.0_10/jre/lib/ext/sunec.jar
     [classpath + loader.0] file:/C:/Users/ilja/.m2/repository/org/springframework/spring-aop/3.2.0.RELEASE/spring-aop-3.2.0.RELEASE.jar
     [classpath + loader.0] file:/C:/Users/ilja/.m2/repository/org/slf4j/slf4j-api/1.6.1/slf4j-api-1.6.1.jar
     [loader.1] file:/C:/Program%20Files/Java/jdk1.7.0_10/jre/lib/ext/sunjce_provider.jar
     [classpath] C:\Program Files\Java\jdk1.7.0_10\jre\lib\ext\access-bridge-64.jar
     [classpath] C:\Program Files\Java\jdk1.7.0_10\jre\lib\javaws.jar
     [classpath + loader.0] file:/C:/Users/ilja/.m2/repository/org/springframework/spring-aspects/3.2.0.RELEASE/spring-aspects-3.2.0.RELEASE.jar
     [classpath] C:\Program Files\Java\jdk1.7.0_10\jre\lib\jfxrt.jar
     [bootstrap] C:\Program Files\Java\jdk1.7.0_10\jre\classes
     [classpath + loader.0] file:/C:/Users/ilja/.m2/repository/org/springframework/spring-core/3.2.0.RELEASE/spring-core-3.2.0.RELEASE.jar
     [loader.1] file:/C:/Program%20Files/Java/jdk1.7.0_10/jre/lib/ext/dnsns.jar
     [loader.0] file:/C:/Program%20Files/Java/jdk1.7.0_10/jre/lib/jsse.jar
     [classpath + loader.0] file:/C:/Users/ilja/.m2/repository/org/neo4j/neo4j-udc/1.8/neo4j-udc-1.8.jar
     [classpath + loader.0] file:/C:/Users/ilja/.m2/repository/junit/junit/4.8.2/junit-4.8.2.jar
     [classpath + loader.0] file:/C:/Users/ilja/.m2/repository/org/springframework/spring-test/3.2.0.RELEASE/spring-test-3.2.0.RELEASE.jar
     [classpath] C:\Program Files (x86)\JetBrains\IntelliJ IDEA 13.1.1\plugins\testng\lib\testng.jar
     [classpath + loader.0] file:/C:/Users/ilja/.m2/repository/org/springframework/spring-web/3.2.0.RELEASE/spring-web-3.2.0.RELEASE.jar
     [loader.0] file:/C:/Program%20Files/Java/jdk1.7.0_10/jre/lib/resources.jar
     [loader.0] file:/C:/Program%20Files/Java/jdk1.7.0_10/jre/lib/charsets.jar
     [classpath + loader.0] file:/C:/Users/ilja/.m2/repository/org/neo4j/neo4j-graph-algo/1.8/neo4j-graph-algo-1.8.jar
     [loader.0] file:/C:/Program%20Files/Java/jdk1.7.0_10/jre/lib/javaws.jar
     [classpath + loader.0] file:/C:/Users/ilja/.m2/repository/javax/servlet/jsp/jsp-api/2.1/jsp-api-2.1.jar
     [classpath + loader.0] file:/C:/Users/ilja/.m2/repository/org/aspectj/aspectjweaver/1.7.1/aspectjweaver-1.7.1.jar
     [classpath + loader.0] file:/C:/Users/ilja/IdeaProjects/WordService/target/test-classes/
     [bootstrap + classpath] C:\Program Files\Java\jdk1.7.0_10\jre\lib\charsets.jar
     [classpath] C:\Program Files\Java\jdk1.7.0_10\jre\lib\deploy.jar
     [classpath + loader.0] file:/C:/Users/ilja/.m2/repository/org/scala-lang/scala-library/2.9.1-1/scala-library-2.9.1-1.jar
     [loader.0] file:/C:/Program%20Files%20(x86)/JetBrains/IntelliJ%20IDEA%2013.1.1/plugins/testng/lib/testng.jar
     [classpath + loader.0] file:/C:/Users/ilja/.m2/repository/org/springframework/spring-webmvc/3.2.0.RELEASE/spring-webmvc-3.2.0.RELEASE.jar
     [classpath + loader.0] file:/C:/Users/ilja/.m2/repository/org/neo4j/neo4j-cypher/1.8/neo4j-cypher-1.8.jar
     [classpath + loader.0] file:/C:/Users/ilja/.m2/repository/aopalliance/aopalliance/1.0/aopalliance-1.0.jar
     [bootstrap + classpath] C:\Program Files\Java\jdk1.7.0_10\jre\lib\jsse.jar
     [bootstrap + classpath] C:\Program Files\Java\jdk1.7.0_10\jre\lib\jfr.jar
     [classpath + loader.0] file:/C:/Users/ilja/.m2/repository/org/neo4j/neo4j/1.8/neo4j-1.8.jar
     [loader.0] file:/C:/Program%20Files/Java/jdk1.7.0_10/jre/lib/deploy.jar
     [bootstrap + classpath] C:\Program Files\Java\jdk1.7.0_10\jre\lib\resources.jar
     [classpath + loader.0] file:/C:/Users/ilja/.m2/repository/asm/asm/3.1/asm-3.1.jar
     [classpath + loader.0] file:/C:/Users/ilja/.m2/repository/org/springframework/data/spring-data-neo4j/2.1.0.RELEASE/spring-data-neo4j-2.1.0.RELEASE.jar
     [classpath + loader.0] file:/C:/Users/ilja/.m2/repository/org/springframework/spring-context-support/3.2.0.RELEASE/spring-context-support-3.2.0.RELEASE.jar
     [classpath + loader.0] file:/C:/Users/ilja/.m2/repository/org/springframework/spring-tx/3.2.0.RELEASE/spring-tx-3.2.0.RELEASE.jar
     [classpath + loader.0] file:/C:/Users/ilja/.m2/repository/org/springframework/spring-orm/3.1.2.RELEASE/spring-orm-3.1.2.RELEASE.jar
     [classpath + loader.0] file:/C:/Users/ilja/.m2/repository/org/springframework/spring-expression/3.2.0.RELEASE/spring-expression-3.2.0.RELEASE.jar
2014-03-30 10:46:38.983+0000: Library path:
    C:\Program Files\Java\jdk1.7.0_10\bin
    C:\Windows\Sun\Java\bin
    C:\Windows\System32
    C:\Windows
    C:\Program Files\Java\jdk1.8.0\bin
    C:\playframework
    C:\Program Files\Mercurial
    C:\Windows\System32
    C:\Program Files (x86)\Rational\Common
    C:\Program Files (x86)\scala\bin
    C:\Program Files (x86)\Intel\OpenCL SDK\2.0\bin\x86
    C:\Program Files (x86)\Intel\OpenCL SDK\2.0\bin\x64
    C:\glassfish4\bin
    C:\glassfish4\glassfish\bin
    C:\maven\apache-maven-3.0.5\bin
    C:\Windows
    C:\Windows\System32\wbem
    C:\Windows\System32\WindowsPowerShell\v1.0
    C:\Program Files\TortoiseSVN\bin
    C:\Program Files (x86)\Subversion\bin
    C:\Program Files\SlikSvn\bin
    C:\Program Files (x86)\Intel\OpenCL SDK\2.0\bin\x86
    C:\Program Files (x86)\Intel\OpenCL SDK\2.0\bin\x64
    C:\Program Files (x86)\Estonian ID Card
    C:\Program Files (x86)\Samsung\Samsung PC Studio 3
    C:\RailsInstaller\Git\cmd
    C:\RailsInstaller\Ruby1.9.3\bin
    C:\Program Files (x86)\CodeBlocks\MinGW\bin
    C:\Users\ilja\IdeaProjects\WordService
2014-03-30 10:46:38.994+0000: System.properties:
    sun.boot.library.path = C:\Program Files\Java\jdk1.7.0_10\jre\bin
    path.separator = ;
    idea.launcher.port = 7541
    file.encoding.pkg = sun.io
    user.country = US
    user.script = 
    sun.java.launcher = SUN_STANDARD
    sun.os.patch.level = 
    user.dir = C:\Users\ilja\IdeaProjects\WordService
    user.variant = 
    sun.jnu.encoding = Cp1251
    sun.management.compiler = HotSpot 64-Bit Tiered Compilers
    user.home = C:\Users\ilja
    user.timezone = Europe/Helsinki
    file.encoding = UTF-8
    idea.launcher.bin.path = C:\Program Files (x86)\JetBrains\IntelliJ IDEA 13.1.1\bin
    user.name = ilja
    sun.java.command = com.intellij.rt.execution.application.AppMain com.intellij.rt.execution.junit.JUnitStarter -ideVersion5 com.wordservice.mvc.ApplicationConfigTest,bootstrapAppFromXml
    sun.arch.data.model = 64
    user.language = en
    awt.toolkit = sun.awt.windows.WToolkit
    file.separator = \
    sun.io.unicode.encoding = UnicodeLittle
    sun.cpu.endian = little
    sun.desktop = windows
    sun.cpu.isalist = amd64
2014-03-30 10:46:38.995+0000: Network information:
    Interface Software Loopback Interface 1:
        address: 127.0.0.1
        address: 0:0:0:0:0:0:0:1
    Interface Microsoft Kernel Debug Network Adapter:
    Interface Realtek RTL8188CE Wireless LAN 802.11n PCI-E NIC:
        address: 192.168.1.104
        address: fe80:0:0:0:d90a:a104:364b:ebd9%3
    Interface Realtek PCIe FE Family Controller:
        address: fe80:0:0:0:b44d:1664:ec58:332b%4
    Interface Microsoft 6to4 Adapter:
    Interface Teredo Tunneling Pseudo-Interface:
        address: 2001:0:5ef5:79fb:2a:2bf5:3f57:fe97
        address: fe80:0:0:0:2a:2bf5:3f57:fe97%6
    Interface Microsoft Hosted Network Virtual Adapter:
    Interface Microsoft Wi-Fi Direct Virtual Adapter:
        address: fe80:0:0:0:cdd0:dc09:a89c:adb%8
    Interface Microsoft ISATAP Adapter #3:
    Interface VMware Virtual Ethernet Adapter for VMnet1:
    Interface VMware Virtual Ethernet Adapter for VMnet8:
    Interface Microsoft ISATAP Adapter #7:
    Interface WAN Miniport (SSTP):
    Interface WAN Miniport (IKEv2):
    Interface WAN Miniport (L2TP):
    Interface WAN Miniport (PPTP):
    Interface WAN Miniport (PPPOE):
    Interface WAN Miniport (IP):
    Interface WAN Miniport (IPv6):
    Interface WAN Miniport (Network Monitor):
    Interface HUAWEI Mobile Connect - Network Adapter:
    Interface RAS Async Adapter:
    Interface Microsoft ISATAP Adapter:
        address: fe80:0:0:0:0:5efe:c0a8:168%23
    Interface Microsoft ISATAP Adapter #2:
    Interface Realtek PCIe FE Family Controller-WFP Native MAC Layer LightWeight Filter-0000:
    Interface Realtek PCIe FE Family Controller-QoS Packet Scheduler-0000:
    Interface Realtek PCIe FE Family Controller-WFP 802.3 MAC Layer LightWeight Filter-0000:
    Interface Realtek RTL8188CE Wireless LAN 802.11n PCI-E NIC-WFP Native MAC Layer LightWeight Filter-0000:
    Interface Realtek RTL8188CE Wireless LAN 802.11n PCI-E NIC-Virtual WiFi Filter Driver-0000:
    Interface Realtek RTL8188CE Wireless LAN 802.11n PCI-E NIC-Native WiFi Filter Driver-0000:
    Interface Realtek RTL8188CE Wireless LAN 802.11n PCI-E NIC-QoS Packet Scheduler-0000:
    Interface Realtek RTL8188CE Wireless LAN 802.11n PCI-E NIC-WFP 802.3 MAC Layer LightWeight Filter-0000:
    Interface Microsoft Wi-Fi Direct Virtual Adapter-WFP Native MAC Layer LightWeight Filter-0000:
    Interface Microsoft Wi-Fi Direct Virtual Adapter-Native WiFi Filter Driver-0000:
    Interface Microsoft Wi-Fi Direct Virtual Adapter-QoS Packet Scheduler-0000:
    Interface Microsoft Wi-Fi Direct Virtual Adapter-WFP 802.3 MAC Layer LightWeight Filter-0000:
2014-03-30 10:46:39.065+0000: --- STARTUP diagnostics END ---
2014-03-30 10:46:39.138+0000: Extension org.neo4j.kernel.KernelExtension[kernel jmx] loaded ok
2014-03-30 10:46:39.143+0000: Extension org.neo4j.kernel.KernelExtension[kernel udc] loaded ok
2014-03-30 10:46:39.147+0000: --- STARTUP diagnostics for KernelDiagnostics:Versions START ---
2014-03-30 10:46:39.147+0000: Graph Database: org.neo4j.kernel.EmbeddedGraphDatabase StoreId[time:1396176392866, id:5718789771695646143, store version: 13561656364791302]
2014-03-30 10:46:39.147+0000: Kernel version: Neo4j - Graph Database Kernel 1.8
2014-03-30 10:46:39.148+0000: Neo4j component versions:
2014-03-30 10:46:39.149+0000:   Neo4j - Graph Database Kernel 1.8
2014-03-30 10:46:39.149+0000: --- STARTUP diagnostics for KernelDiagnostics:Versions END ---
2014-03-30 10:46:39.153+0000: --- STARTUP diagnostics for NEO_STORE_VERSIONS START ---
2014-03-30 10:46:39.154+0000: Store versions:
    Store versions:
      NeoStore v0.A.0
      NodeStore v0.A.0
      RelationshipStore v0.A.0
      RelationshipTypeStore v0.A.0
      PropertyStore v0.A.0
      PropertyIndexStore v0.A.0
      StringPropertyStore v0.A.0
      ArrayPropertyStore v0.A.0
2014-03-30 10:46:39.154+0000: --- STARTUP diagnostics for NEO_STORE_VERSIONS END ---
2014-03-30 10:46:39.155+0000: --- STARTUP diagnostics for NEO_STORE_ID_USAGE START ---
2014-03-30 10:46:39.155+0000: Id usage:
    Id usage:
      NodeStore: used=1 high=0
      RelationshipStore: used=0 high=-1
      RelationshipTypeStore: used=0 high=-1
      PropertyStore: used=0 high=-1
      PropertyIndexStore: used=0 high=-1
      StringPropertyStore: used=1 high=0
      ArrayPropertyStore: used=1 high=0
2014-03-30 10:46:39.156+0000: --- STARTUP diagnostics for NEO_STORE_ID_USAGE END ---
2014-03-30 10:46:39.156+0000: --- STARTUP diagnostics for PERSISTENCE_WINDOW_POOL_STATS START ---
2014-03-30 10:46:39.156+0000: --- STARTUP diagnostics for PERSISTENCE_WINDOW_POOL_STATS END ---
2014-03-30 10:46:39.157+0000: --- STARTUP diagnostics for KernelDiagnostics:StoreFiles START ---
2014-03-30 10:46:39.163+0000: Disk space on partition (Total / Free / Free %): 488745463808 / 166703181824 / 65
Storage files: (filename : modification date - size)
      active_tx_log: 2014-03-30T13:46:38+0300 - 11.00 B
      index:
        lucene-store.db: 2014-03-30T13:46:38+0300 - 40.00 B
        lucene.log.1: 2014-03-30T13:46:38+0300 - 16.00 B
        lucene.log.active: 2014-03-30T13:46:38+0300 - 4.00 B
      - Total: 2014-03-30T13:46:38+0300 - 60.00 B
      lock: 2014-03-30T13:46:38+0300 - 0.00 B
      messages.log: 2014-03-30T13:46:32+0300 - 25.37 kB
      neostore: 2014-03-30T13:46:38+0300 - 54.00 B
      neostore.id: 2014-03-30T13:46:38+0300 - 9.00 B
      neostore.nodestore.db: 2014-03-30T13:46:38+0300 - 9.00 B
      neostore.nodestore.db.id: 2014-03-30T13:46:37+0300 - 9.00 B
      neostore.propertystore.db: 2014-03-30T13:46:38+0300 - 0.00 B
      neostore.propertystore.db.arrays: 2014-03-30T13:46:38+0300 - 128.00 B
      neostore.propertystore.db.arrays.id: 2014-03-30T13:46:37+0300 - 9.00 B
      neostore.propertystore.db.id: 2014-03-30T13:46:37+0300 - 9.00 B
      neostore.propertystore.db.index: 2014-03-30T13:46:38+0300 - 0.00 B
      neostore.propertystore.db.index.id: 2014-03-30T13:46:37+0300 - 9.00 B
      neostore.propertystore.db.index.keys: 2014-03-30T13:46:38+0300 - 38.00 B
      neostore.propertystore.db.index.keys.id: 2014-03-30T13:46:36+0300 - 9.00 B
      neostore.propertystore.db.strings: 2014-03-30T13:46:38+0300 - 128.00 B
      neostore.propertystore.db.strings.id: 2014-03-30T13:46:36+0300 - 9.00 B
      neostore.relationshipstore.db: 2014-03-30T13:46:38+0300 - 0.00 B
      neostore.relationshipstore.db.id: 2014-03-30T13:46:37+0300 - 9.00 B
      neostore.relationshiptypestore.db: 2014-03-30T13:46:38+0300 - 0.00 B
      neostore.relationshiptypestore.db.id: 2014-03-30T13:46:36+0300 - 9.00 B
      neostore.relationshiptypestore.db.names: 2014-03-30T13:46:38+0300 - 38.00 B
      neostore.relationshiptypestore.db.names.id: 2014-03-30T13:46:36+0300 - 9.00 B
      nioneo_logical.log.1: 2014-03-30T13:46:38+0300 - 16.00 B
      nioneo_logical.log.active: 2014-03-30T13:46:38+0300 - 4.00 B
      tm_tx_log.1: 2014-03-30T13:46:39+0300 - 0.00 B
2014-03-30 10:46:39.180+0000: --- STARTUP diagnostics for KernelDiagnostics:StoreFiles END ---
2014-03-30 10:46:39.182+0000: Started - database is now available
2014-03-30 10:46:39.182+0000: GC Monitor started. 
2014-03-30 10:46:41.085+0000: Stopping - database is now unavailable
2014-03-30 10:46:41.097+0000: GC Monitor stopped. 
2014-03-30 10:46:41.176+0000: TM shutting down
2014-03-30 10:46:41.428+0000: Closed log C:\Users\ilja\IdeaProjects\WordService\data\graph.db\index\lucene.log
2014-03-30 10:46:42.340+0000: Closed log C:\Users\ilja\IdeaProjects\WordService\data\graph.db\nioneo_logical.log
2014-03-30 10:46:42.400+0000: C:\Users\ilja\IdeaProjects\WordService\data\graph.db\neostore.relationshiptypestore.db.names hit=0 miss=0 switches=0 ooe=0
2014-03-30 10:46:42.767+0000: C:\Users\ilja\IdeaProjects\WordService\data\graph.db\neostore.relationshiptypestore.db hit=0 miss=0 switches=0 ooe=0
2014-03-30 10:46:43.057+0000: C:\Users\ilja\IdeaProjects\WordService\data\graph.db\neostore.propertystore.db.strings hit=0 miss=0 switches=0 ooe=0
2014-03-30 10:46:43.312+0000: C:\Users\ilja\IdeaProjects\WordService\data\graph.db\neostore.propertystore.db.index.keys hit=0 miss=0 switches=0 ooe=0
2014-03-30 10:46:43.523+0000: C:\Users\ilja\IdeaProjects\WordService\data\graph.db\neostore.propertystore.db.index hit=0 miss=0 switches=0 ooe=0
2014-03-30 10:46:43.768+0000: C:\Users\ilja\IdeaProjects\WordService\data\graph.db\neostore.propertystore.db.arrays hit=0 miss=0 switches=0 ooe=0
2014-03-30 10:46:44.001+0000: C:\Users\ilja\IdeaProjects\WordService\data\graph.db\neostore.propertystore.db hit=0 miss=0 switches=0 ooe=0
2014-03-30 10:46:44.179+0000: C:\Users\ilja\IdeaProjects\WordService\data\graph.db\neostore.relationshipstore.db hit=0 miss=0 switches=0 ooe=0
2014-03-30 10:46:44.498+0000: C:\Users\ilja\IdeaProjects\WordService\data\graph.db\neostore.nodestore.db hit=2 miss=0 switches=0 ooe=0
2014-03-30 10:46:44.701+0000: C:\Users\ilja\IdeaProjects\WordService\data\graph.db\neostore hit=0 miss=16 switches=0 ooe=0
2014-03-30 10:46:44.878+0000: NeoStore closed
2014-03-30 10:46:44.880+0000: --- SHUTDOWN diagnostics START ---
2014-03-30 10:46:44.881+0000: --- SHUTDOWN diagnostics END ---
